{"C:\\Users\\guilhermeaa\\guilherme\\node_project\\src\\controllers\\projectController.ts": {"path":"C:\\Users\\guilhermeaa\\guilherme\\node_project\\src\\controllers\\projectController.ts","statementMap":{"0":{"start":{"line":2,"column":0},"end":{"line":2,"column":81}},"1":{"start":{"line":3,"column":0},"end":{"line":3,"column":51}},"2":{"start":{"line":6,"column":24},"end":{"line":16,"column":null}},"3":{"start":{"line":6,"column":63},"end":{"line":16,"column":null}},"4":{"start":{"line":7,"column":4},"end":{"line":14,"column":5}},"5":{"start":{"line":8,"column":8},"end":{"line":8,"column":43}},"6":{"start":{"line":8,"column":36},"end":{"line":8,"column":43}},"7":{"start":{"line":9,"column":25},"end":{"line":9,"column":45}},"8":{"start":{"line":10,"column":8},"end":{"line":10,"column":39}},"9":{"start":{"line":13,"column":8},"end":{"line":13,"column":87}},"10":{"start":{"line":32,"column":8},"end":{"line":32,"column":23}},"11":{"start":{"line":18,"column":22},"end":{"line":30,"column":null}},"12":{"start":{"line":18,"column":61},"end":{"line":30,"column":null}},"13":{"start":{"line":19,"column":17},"end":{"line":19,"column":25}},"14":{"start":{"line":20,"column":4},"end":{"line":29,"column":5}},"15":{"start":{"line":21,"column":8},"end":{"line":21,"column":43}},"16":{"start":{"line":21,"column":36},"end":{"line":21,"column":43}},"17":{"start":{"line":22,"column":8},"end":{"line":24,"column":9}},"18":{"start":{"line":23,"column":12},"end":{"line":23,"column":87}},"19":{"start":{"line":25,"column":25},"end":{"line":25,"column":53}},"20":{"start":{"line":26,"column":8},"end":{"line":26,"column":39}},"21":{"start":{"line":28,"column":8},"end":{"line":28,"column":87}},"22":{"start":{"line":32,"column":25},"end":{"line":32,"column":38}}},"fnMap":{"0":{"name":"(anonymous_7)","decl":{"start":{"line":6,"column":24},"end":{"line":6,"column":31}},"loc":{"start":{"line":6,"column":63},"end":{"line":16,"column":null}}},"1":{"name":"(anonymous_8)","decl":{"start":{"line":6,"column":63},"end":{"line":6,"column":null}},"loc":{"start":{"line":6,"column":63},"end":{"line":16,"column":1}}},"2":{"name":"(anonymous_9)","decl":{"start":{"line":18,"column":22},"end":{"line":18,"column":29}},"loc":{"start":{"line":18,"column":61},"end":{"line":30,"column":null}}},"3":{"name":"(anonymous_10)","decl":{"start":{"line":18,"column":61},"end":{"line":18,"column":null}},"loc":{"start":{"line":18,"column":61},"end":{"line":30,"column":1}}}},"branchMap":{"0":{"loc":{"start":{"line":8,"column":8},"end":{"line":8,"column":43}},"type":"if","locations":[{"start":{"line":8,"column":8},"end":{"line":8,"column":43}}]},"1":{"loc":{"start":{"line":21,"column":8},"end":{"line":21,"column":43}},"type":"if","locations":[{"start":{"line":21,"column":8},"end":{"line":21,"column":43}}]},"2":{"loc":{"start":{"line":22,"column":8},"end":{"line":24,"column":9}},"type":"if","locations":[{"start":{"line":22,"column":8},"end":{"line":24,"column":9}}]},"3":{"loc":{"start":{"line":22,"column":12},"end":{"line":22,"column":39}},"type":"binary-expr","locations":[{"start":{"line":22,"column":12},"end":{"line":22,"column":17}},{"start":{"line":22,"column":21},"end":{"line":22,"column":39}}]}},"s":{"0":2,"1":2,"2":2,"3":4,"4":4,"5":4,"6":2,"7":2,"8":1,"9":1,"10":2,"11":2,"12":4,"13":4,"14":4,"15":4,"16":1,"17":3,"18":1,"19":2,"20":1,"21":1,"22":2},"f":{"0":4,"1":4,"2":4,"3":4},"b":{"0":[2],"1":[1],"2":[1],"3":[3,2]}}
,"C:\\Users\\guilhermeaa\\guilherme\\node_project\\src\\database\\database.ts": {"path":"C:\\Users\\guilhermeaa\\guilherme\\node_project\\src\\database\\database.ts","statementMap":{"0":{"start":{"line":1,"column":0},"end":{"line":1,"column":26}},"1":{"start":{"line":2,"column":0},"end":{"line":2,"column":28}},"2":{"start":{"line":3,"column":0},"end":{"line":3,"column":36}},"3":{"start":{"line":5,"column":13},"end":{"line":10,"column":2}},"4":{"start":{"line":13,"column":0},"end":{"line":13,"column":null}}},"fnMap":{},"branchMap":{},"s":{"0":5,"1":5,"2":5,"3":5,"4":5},"f":{},"b":{}}
,"C:\\Users\\guilhermeaa\\guilherme\\node_project\\src\\models\\projects.ts": {"path":"C:\\Users\\guilhermeaa\\guilherme\\node_project\\src\\models\\projects.ts","statementMap":{"0":{"start":{"line":1,"column":22},"end":{"line":11,"column":1}},"1":{"start":{"line":2,"column":4},"end":{"line":8,"column":null}},"2":{"start":{"line":13,"column":0},"end":{"line":13,"column":29}}},"fnMap":{"0":{"name":"(anonymous_0)","decl":{"start":{"line":1,"column":22},"end":{"line":1,"column":23}},"loc":{"start":{"line":1,"column":115},"end":{"line":11,"column":1}}}},"branchMap":{"0":{"loc":{"start":{"line":3,"column":12},"end":{"line":3,"column":32}},"type":"cond-expr","locations":[{"start":{"line":3,"column":19},"end":{"line":3,"column":23}},{"start":{"line":3,"column":23},"end":{"line":3,"column":32}}]},"1":{"loc":{"start":{"line":3,"column":12},"end":{"line":3,"column":23}},"type":"binary-expr","locations":[{"start":{"line":3,"column":12},"end":{"line":3,"column":23}},{"start":{"line":3,"column":19},"end":{"line":3,"column":23}}]}},"s":{"0":4,"1":2,"2":4},"f":{"0":2},"b":{"0":[2,0],"1":[2,2]}}
,"C:\\Users\\guilhermeaa\\guilherme\\node_project\\src\\repositories\\projectRepository.ts": {"path":"C:\\Users\\guilhermeaa\\guilherme\\node_project\\src\\repositories\\projectRepository.ts","statementMap":{"0":{"start":{"line":2,"column":0},"end":{"line":2,"column":40}},"1":{"start":{"line":3,"column":0},"end":{"line":3,"column":47}},"2":{"start":{"line":7,"column":21},"end":{"line":15,"column":null}},"3":{"start":{"line":7,"column":56},"end":{"line":15,"column":null}},"4":{"start":{"line":8,"column":4},"end":{"line":14,"column":5}},"5":{"start":{"line":9,"column":23},"end":{"line":9,"column":65}},"6":{"start":{"line":10,"column":25},"end":{"line":10,"column":69}},"7":{"start":{"line":10,"column":50},"end":{"line":10,"column":68}},"8":{"start":{"line":11,"column":8},"end":{"line":11,"column":24}},"9":{"start":{"line":13,"column":8},"end":{"line":13,"column":18}},"10":{"start":{"line":32,"column":8},"end":{"line":32,"column":20}},"11":{"start":{"line":17,"column":25},"end":{"line":29,"column":2}},"12":{"start":{"line":17,"column":75},"end":{"line":29,"column":2}},"13":{"start":{"line":18,"column":4},"end":{"line":28,"column":5}},"14":{"start":{"line":19,"column":55},"end":{"line":19,"column":74}},"15":{"start":{"line":20,"column":20},"end":{"line":20,"column":115}},"16":{"start":{"line":21,"column":23},"end":{"line":21,"column":59}},"17":{"start":{"line":23,"column":20},"end":{"line":23,"column":49}},"18":{"start":{"line":24,"column":8},"end":{"line":24,"column":27}},"19":{"start":{"line":26,"column":8},"end":{"line":26,"column":63}},"20":{"start":{"line":27,"column":8},"end":{"line":27,"column":54}},"21":{"start":{"line":32,"column":22},"end":{"line":32,"column":38}}},"fnMap":{"0":{"name":"(anonymous_8)","decl":{"start":{"line":7,"column":21},"end":{"line":7,"column":54}},"loc":{"start":{"line":7,"column":56},"end":{"line":15,"column":null}}},"1":{"name":"(anonymous_9)","decl":{"start":{"line":7,"column":56},"end":{"line":7,"column":null}},"loc":{"start":{"line":7,"column":56},"end":{"line":15,"column":1}}},"2":{"name":"(anonymous_10)","decl":{"start":{"line":10,"column":41},"end":{"line":10,"column":42}},"loc":{"start":{"line":10,"column":50},"end":{"line":10,"column":68}}},"3":{"name":"(anonymous_11)","decl":{"start":{"line":17,"column":25},"end":{"line":17,"column":32}},"loc":{"start":{"line":17,"column":75},"end":{"line":29,"column":2}}},"4":{"name":"(anonymous_12)","decl":{"start":{"line":17,"column":75},"end":{"line":17,"column":null}},"loc":{"start":{"line":17,"column":75},"end":{"line":29,"column":1}}}},"branchMap":{},"s":{"0":4,"1":4,"2":4,"3":2,"4":2,"5":2,"6":1,"7":2,"8":1,"9":1,"10":4,"11":4,"12":4,"13":4,"14":4,"15":3,"16":3,"17":3,"18":2,"19":2,"20":2,"21":4},"f":{"0":2,"1":2,"2":2,"3":4,"4":4},"b":{}}
,"C:\\Users\\guilhermeaa\\guilherme\\node_project\\src\\utils\\checkApiKey.ts": {"path":"C:\\Users\\guilhermeaa\\guilherme\\node_project\\src\\utils\\checkApiKey.ts","statementMap":{"0":{"start":{"line":2,"column":0},"end":{"line":2,"column":28}},"1":{"start":{"line":3,"column":0},"end":{"line":3,"column":36}},"2":{"start":{"line":5,"column":27},"end":{"line":12,"column":1}},"3":{"start":{"line":6,"column":28},"end":{"line":6,"column":45}},"4":{"start":{"line":7,"column":4},"end":{"line":10,"column":5}},"5":{"start":{"line":8,"column":8},"end":{"line":8,"column":84}},"6":{"start":{"line":9,"column":8},"end":{"line":9,"column":21}},"7":{"start":{"line":11,"column":4},"end":{"line":11,"column":16}},"8":{"start":{"line":5,"column":13},"end":{"line":5,"column":27}}},"fnMap":{"0":{"name":"(anonymous_1)","decl":{"start":{"line":5,"column":27},"end":{"line":5,"column":28}},"loc":{"start":{"line":5,"column":68},"end":{"line":12,"column":1}}}},"branchMap":{"0":{"loc":{"start":{"line":7,"column":4},"end":{"line":10,"column":5}},"type":"if","locations":[{"start":{"line":7,"column":4},"end":{"line":10,"column":5}}]},"1":{"loc":{"start":{"line":7,"column":8},"end":{"line":7,"column":72}},"type":"binary-expr","locations":[{"start":{"line":7,"column":8},"end":{"line":7,"column":24}},{"start":{"line":7,"column":28},"end":{"line":7,"column":72}}]}},"s":{"0":2,"1":2,"2":2,"3":4,"4":4,"5":2,"6":2,"7":2,"8":2},"f":{"0":4},"b":{"0":[2],"1":[4,3]}}
}
