TN:
SF:src\controllers\projectController.ts
FN:6,(anonymous_7)
FN:6,(anonymous_8)
FN:18,(anonymous_9)
FN:18,(anonymous_10)
FNF:4
FNH:4
FNDA:4,(anonymous_7)
FNDA:4,(anonymous_8)
FNDA:4,(anonymous_9)
FNDA:4,(anonymous_10)
DA:2,2
DA:3,2
DA:6,4
DA:7,4
DA:8,4
DA:9,2
DA:10,1
DA:13,1
DA:18,4
DA:19,4
DA:20,4
DA:21,4
DA:22,3
DA:23,1
DA:25,2
DA:26,1
DA:28,1
DA:32,2
LF:18
LH:18
BRDA:8,0,0,2
BRDA:21,1,0,1
BRDA:22,2,0,1
BRDA:22,3,0,3
BRDA:22,3,1,2
BRF:5
BRH:5
end_of_record
TN:
SF:src\database\database.ts
FNF:0
FNH:0
DA:1,5
DA:2,5
DA:3,5
DA:5,5
DA:13,5
LF:5
LH:5
BRF:0
BRH:0
end_of_record
TN:
SF:src\models\projects.ts
FN:1,(anonymous_0)
FNF:1
FNH:1
FNDA:2,(anonymous_0)
DA:1,4
DA:2,2
DA:13,4
LF:3
LH:3
BRDA:3,0,0,2
BRDA:3,0,1,0
BRDA:3,1,0,2
BRDA:3,1,1,2
BRF:4
BRH:3
end_of_record
TN:
SF:src\repositories\projectRepository.ts
FN:7,(anonymous_8)
FN:7,(anonymous_9)
FN:10,(anonymous_10)
FN:17,(anonymous_11)
FN:17,(anonymous_12)
FNF:5
FNH:5
FNDA:2,(anonymous_8)
FNDA:2,(anonymous_9)
FNDA:2,(anonymous_10)
FNDA:4,(anonymous_11)
FNDA:4,(anonymous_12)
DA:2,4
DA:3,4
DA:7,4
DA:8,2
DA:9,2
DA:10,2
DA:11,1
DA:13,1
DA:17,4
DA:18,4
DA:19,4
DA:20,3
DA:21,3
DA:23,3
DA:24,2
DA:26,2
DA:27,2
DA:32,4
LF:18
LH:18
BRF:0
BRH:0
end_of_record
TN:
SF:src\utils\checkApiKey.ts
FN:5,(anonymous_1)
FNF:1
FNH:1
FNDA:4,(anonymous_1)
DA:2,2
DA:3,2
DA:5,2
DA:6,4
DA:7,4
DA:8,2
DA:9,2
DA:11,2
LF:8
LH:8
BRDA:7,0,0,2
BRDA:7,1,0,4
BRDA:7,1,1,3
BRF:3
BRH:3
end_of_record
